<?xml version="1.0" encoding="UTF-8"?>
<testng-results ignored="12" total="26" passed="10" failed="4" skipped="0">
  <reporter-output>
    <line>
      <![CDATA[==========Gmail Application closed==========]]>
    </line>
    <line>
      <![CDATA[==========Starboard Application closed==========]]>
    </line>
  </reporter-output>
  <suite started-at="2023-12-21T15:12:56 IST" name="StarboardSuite" finished-at="2023-12-21T15:19:37 IST" duration-ms="401476">
    <groups>
    </groups>
    <test started-at="2023-12-21T15:12:56 IST" name="Starboard_test_cases" finished-at="2023-12-21T15:19:37 IST" duration-ms="401476">
      <class name="general.Login_Magic_link">
        <test-method is-config="true" signature="LoginTOApplication()[pri:0, instance:general.Login_Magic_link@988246e]" started-at="2023-12-21T15:12:05 IST" name="LoginTOApplication" finished-at="2023-12-21T15:12:56 IST" duration-ms="50689" status="PASS">
          <reporter-output>
          </reporter-output>
        </test-method> <!-- LoginTOApplication -->
        <test-method is-config="true" signature="TearDown()[pri:0, instance:general.Login_Magic_link@988246e]" started-at="2023-12-21T15:19:38 IST" name="TearDown" finished-at="2023-12-21T15:19:38 IST" duration-ms="2" status="PASS">
          <reporter-output>
            <line>
              <![CDATA[==========Gmail Application closed==========]]>
            </line>
            <line>
              <![CDATA[==========Starboard Application closed==========]]>
            </line>
          </reporter-output>
        </test-method> <!-- TearDown -->
      </class> <!-- general.Login_Magic_link -->
      <class name="general.Setting_Preference">
        <test-method signature="Preference()[pri:1, instance:general.Setting_Preference@5baaae4c]" started-at="2023-12-21T15:15:36 IST" name="Preference" finished-at="2023-12-21T15:15:49 IST" duration-ms="13265" status="PASS">
          <reporter-output>
          </reporter-output>
        </test-method> <!-- Preference -->
        <test-method signature="Update_mydetails()[pri:2, instance:general.Setting_Preference@5baaae4c]" started-at="2023-12-21T15:15:49 IST" name="Update_mydetails" finished-at="2023-12-21T15:16:05 IST" duration-ms="15860" status="PASS">
          <reporter-output>
          </reporter-output>
        </test-method> <!-- Update_mydetails -->
      </class> <!-- general.Setting_Preference -->
      <class name="general.Linking_Transactions">
        <test-method signature="Link_Invoice()[pri:1, instance:general.Linking_Transactions@2375b321]" started-at="2023-12-21T15:13:42 IST" name="Link_Invoice" finished-at="2023-12-21T15:14:38 IST" duration-ms="56269" status="FAIL">
          <exception class="java.lang.AssertionError">
            <message>
              <![CDATA[Expected condition failed: waiting for visibility of element located by By.xpath: (//*[@resource-id='com.impossible_research.sandbox.starboard:id/category_name']) [1] (tried for 30 second(s) with 500 milliseconds interval)]]>
            </message>
            <full-stacktrace>
              <![CDATA[java.lang.AssertionError: Expected condition failed: waiting for visibility of element located by By.xpath: (//*[@resource-id='com.impossible_research.sandbox.starboard:id/category_name']) [1] (tried for 30 second(s) with 500 milliseconds interval)
at org.testng.Assert.fail(Assert.java:110)
at general.Linking_Transactions.Link_Invoice(Linking_Transactions.java:93)
at java.base/jdk.internal.reflect.NativeMethodAccessorImpl.invoke0(Native Method)
at java.base/jdk.internal.reflect.NativeMethodAccessorImpl.invoke(NativeMethodAccessorImpl.java:62)
at java.base/jdk.internal.reflect.DelegatingMethodAccessorImpl.invoke(DelegatingMethodAccessorImpl.java:43)
at java.base/java.lang.reflect.Method.invoke(Method.java:567)
at org.testng.internal.invokers.MethodInvocationHelper.invokeMethod(MethodInvocationHelper.java:135)
at org.testng.internal.invokers.TestInvoker.invokeMethod(TestInvoker.java:673)
at org.testng.internal.invokers.TestInvoker.invokeTestMethod(TestInvoker.java:220)
at org.testng.internal.invokers.MethodRunner.runInSequence(MethodRunner.java:50)
at org.testng.internal.invokers.TestInvoker$MethodInvocationAgent.invoke(TestInvoker.java:945)
at org.testng.internal.invokers.TestInvoker.invokeTestMethods(TestInvoker.java:193)
at org.testng.internal.invokers.TestMethodWorker.invokeTestMethods(TestMethodWorker.java:146)
at org.testng.internal.invokers.TestMethodWorker.run(TestMethodWorker.java:128)
at java.base/java.util.ArrayList.forEach(ArrayList.java:1508)
at org.testng.TestRunner.privateRun(TestRunner.java:808)
at org.testng.TestRunner.run(TestRunner.java:603)
at org.testng.SuiteRunner.runTest(SuiteRunner.java:429)
at org.testng.SuiteRunner.runSequentially(SuiteRunner.java:423)
at org.testng.SuiteRunner.privateRun(SuiteRunner.java:383)
at org.testng.SuiteRunner.run(SuiteRunner.java:326)
at org.testng.SuiteRunnerWorker.runSuite(SuiteRunnerWorker.java:52)
at org.testng.SuiteRunnerWorker.run(SuiteRunnerWorker.java:95)
at org.testng.TestNG.runSuitesSequentially(TestNG.java:1249)
at org.testng.TestNG.runSuitesLocally(TestNG.java:1169)
at org.testng.TestNG.runSuites(TestNG.java:1092)
at org.testng.TestNG.run(TestNG.java:1060)
at org.apache.maven.surefire.testng.TestNGExecutor.run(TestNGExecutor.java:284)
at org.apache.maven.surefire.testng.TestNGXmlTestSuite.execute(TestNGXmlTestSuite.java:75)
at org.apache.maven.surefire.testng.TestNGProvider.invoke(TestNGProvider.java:119)
at org.apache.maven.surefire.booter.ForkedBooter.runSuitesInProcess(ForkedBooter.java:428)
at org.apache.maven.surefire.booter.ForkedBooter.execute(ForkedBooter.java:162)
at org.apache.maven.surefire.booter.ForkedBooter.run(ForkedBooter.java:562)
at org.apache.maven.surefire.booter.ForkedBooter.main(ForkedBooter.java:548)
]]>
            </full-stacktrace>
          </exception> <!-- java.lang.AssertionError -->
          <reporter-output>
          </reporter-output>
        </test-method> <!-- Link_Invoice -->
        <test-method signature="Link_Expense_Categories()[pri:2, instance:general.Linking_Transactions@2375b321]" started-at="2023-12-21T15:14:38 IST" name="Link_Expense_Categories" finished-at="2023-12-21T15:15:12 IST" duration-ms="33463" status="PASS">
          <reporter-output>
          </reporter-output>
        </test-method> <!-- Link_Expense_Categories -->
        <test-method signature="Notes_Add()[pri:3, instance:general.Linking_Transactions@2375b321]" started-at="2023-12-21T15:15:12 IST" name="Notes_Add" finished-at="2023-12-21T15:15:36 IST" duration-ms="24571" status="PASS">
          <reporter-output>
          </reporter-output>
        </test-method> <!-- Notes_Add -->
      </class> <!-- general.Linking_Transactions -->
      <class name="general.Add_Location">
        <test-method signature="Update_location()[pri:1, instance:general.Add_Location@2fb5fe30]" started-at="2023-12-21T15:12:56 IST" name="Update_location" finished-at="2023-12-21T15:13:13 IST" duration-ms="16676" status="PASS">
          <reporter-output>
          </reporter-output>
        </test-method> <!-- Update_location -->
      </class> <!-- general.Add_Location -->
      <class name="general.Setting_Yacht">
        <test-method signature="Sync_data()[pri:1, instance:general.Setting_Yacht@5b6e8f77]" started-at="2023-12-21T15:16:05 IST" name="Sync_data" finished-at="2023-12-21T15:16:38 IST" duration-ms="32476" status="FAIL">
          <exception class="java.lang.AssertionError">
            <message>
              <![CDATA[Expected condition failed: waiting for visibility of element located by By.xpath: //android.widget.TextView[@text='0 second ago'] (tried for 20 second(s) with 500 milliseconds interval)]]>
            </message>
            <full-stacktrace>
              <![CDATA[java.lang.AssertionError: Expected condition failed: waiting for visibility of element located by By.xpath: //android.widget.TextView[@text='0 second ago'] (tried for 20 second(s) with 500 milliseconds interval)
at org.testng.Assert.fail(Assert.java:110)
at general.Setting_Yacht.Sync_data(Setting_Yacht.java:76)
at java.base/jdk.internal.reflect.NativeMethodAccessorImpl.invoke0(Native Method)
at java.base/jdk.internal.reflect.NativeMethodAccessorImpl.invoke(NativeMethodAccessorImpl.java:62)
at java.base/jdk.internal.reflect.DelegatingMethodAccessorImpl.invoke(DelegatingMethodAccessorImpl.java:43)
at java.base/java.lang.reflect.Method.invoke(Method.java:567)
at org.testng.internal.invokers.MethodInvocationHelper.invokeMethod(MethodInvocationHelper.java:135)
at org.testng.internal.invokers.TestInvoker.invokeMethod(TestInvoker.java:673)
at org.testng.internal.invokers.TestInvoker.invokeTestMethod(TestInvoker.java:220)
at org.testng.internal.invokers.MethodRunner.runInSequence(MethodRunner.java:50)
at org.testng.internal.invokers.TestInvoker$MethodInvocationAgent.invoke(TestInvoker.java:945)
at org.testng.internal.invokers.TestInvoker.invokeTestMethods(TestInvoker.java:193)
at org.testng.internal.invokers.TestMethodWorker.invokeTestMethods(TestMethodWorker.java:146)
at org.testng.internal.invokers.TestMethodWorker.run(TestMethodWorker.java:128)
at java.base/java.util.ArrayList.forEach(ArrayList.java:1508)
at org.testng.TestRunner.privateRun(TestRunner.java:808)
at org.testng.TestRunner.run(TestRunner.java:603)
at org.testng.SuiteRunner.runTest(SuiteRunner.java:429)
at org.testng.SuiteRunner.runSequentially(SuiteRunner.java:423)
at org.testng.SuiteRunner.privateRun(SuiteRunner.java:383)
at org.testng.SuiteRunner.run(SuiteRunner.java:326)
at org.testng.SuiteRunnerWorker.runSuite(SuiteRunnerWorker.java:52)
at org.testng.SuiteRunnerWorker.run(SuiteRunnerWorker.java:95)
at org.testng.TestNG.runSuitesSequentially(TestNG.java:1249)
at org.testng.TestNG.runSuitesLocally(TestNG.java:1169)
at org.testng.TestNG.runSuites(TestNG.java:1092)
at org.testng.TestNG.run(TestNG.java:1060)
at org.apache.maven.surefire.testng.TestNGExecutor.run(TestNGExecutor.java:284)
at org.apache.maven.surefire.testng.TestNGXmlTestSuite.execute(TestNGXmlTestSuite.java:75)
at org.apache.maven.surefire.testng.TestNGProvider.invoke(TestNGProvider.java:119)
at org.apache.maven.surefire.booter.ForkedBooter.runSuitesInProcess(ForkedBooter.java:428)
at org.apache.maven.surefire.booter.ForkedBooter.execute(ForkedBooter.java:162)
at org.apache.maven.surefire.booter.ForkedBooter.run(ForkedBooter.java:562)
at org.apache.maven.surefire.booter.ForkedBooter.main(ForkedBooter.java:548)
]]>
            </full-stacktrace>
          </exception> <!-- java.lang.AssertionError -->
          <reporter-output>
          </reporter-output>
        </test-method> <!-- Sync_data -->
      </class> <!-- general.Setting_Yacht -->
      <class name="general.More_Module">
        <test-method signature="Supplier()[pri:1, instance:general.More_Module@41a6d121]" started-at="2023-12-21T15:16:38 IST" name="Supplier" finished-at="2023-12-21T15:16:52 IST" duration-ms="14449" status="FAIL">
          <exception class="java.lang.AssertionError">
            <message>
              <![CDATA[Expected condition failed: waiting for visibility of element located by By.xpath: //android.widget.TextView[@text='More'] (tried for 10 second(s) with 500 milliseconds interval)]]>
            </message>
            <full-stacktrace>
              <![CDATA[java.lang.AssertionError: Expected condition failed: waiting for visibility of element located by By.xpath: //android.widget.TextView[@text='More'] (tried for 10 second(s) with 500 milliseconds interval)
at org.testng.Assert.fail(Assert.java:110)
at general.More_Module.Supplier(More_Module.java:129)
at java.base/jdk.internal.reflect.NativeMethodAccessorImpl.invoke0(Native Method)
at java.base/jdk.internal.reflect.NativeMethodAccessorImpl.invoke(NativeMethodAccessorImpl.java:62)
at java.base/jdk.internal.reflect.DelegatingMethodAccessorImpl.invoke(DelegatingMethodAccessorImpl.java:43)
at java.base/java.lang.reflect.Method.invoke(Method.java:567)
at org.testng.internal.invokers.MethodInvocationHelper.invokeMethod(MethodInvocationHelper.java:135)
at org.testng.internal.invokers.TestInvoker.invokeMethod(TestInvoker.java:673)
at org.testng.internal.invokers.TestInvoker.invokeTestMethod(TestInvoker.java:220)
at org.testng.internal.invokers.MethodRunner.runInSequence(MethodRunner.java:50)
at org.testng.internal.invokers.TestInvoker$MethodInvocationAgent.invoke(TestInvoker.java:945)
at org.testng.internal.invokers.TestInvoker.invokeTestMethods(TestInvoker.java:193)
at org.testng.internal.invokers.TestMethodWorker.invokeTestMethods(TestMethodWorker.java:146)
at org.testng.internal.invokers.TestMethodWorker.run(TestMethodWorker.java:128)
at java.base/java.util.ArrayList.forEach(ArrayList.java:1508)
at org.testng.TestRunner.privateRun(TestRunner.java:808)
at org.testng.TestRunner.run(TestRunner.java:603)
at org.testng.SuiteRunner.runTest(SuiteRunner.java:429)
at org.testng.SuiteRunner.runSequentially(SuiteRunner.java:423)
at org.testng.SuiteRunner.privateRun(SuiteRunner.java:383)
at org.testng.SuiteRunner.run(SuiteRunner.java:326)
at org.testng.SuiteRunnerWorker.runSuite(SuiteRunnerWorker.java:52)
at org.testng.SuiteRunnerWorker.run(SuiteRunnerWorker.java:95)
at org.testng.TestNG.runSuitesSequentially(TestNG.java:1249)
at org.testng.TestNG.runSuitesLocally(TestNG.java:1169)
at org.testng.TestNG.runSuites(TestNG.java:1092)
at org.testng.TestNG.run(TestNG.java:1060)
at org.apache.maven.surefire.testng.TestNGExecutor.run(TestNGExecutor.java:284)
at org.apache.maven.surefire.testng.TestNGXmlTestSuite.execute(TestNGXmlTestSuite.java:75)
at org.apache.maven.surefire.testng.TestNGProvider.invoke(TestNGProvider.java:119)
at org.apache.maven.surefire.booter.ForkedBooter.runSuitesInProcess(ForkedBooter.java:428)
at org.apache.maven.surefire.booter.ForkedBooter.execute(ForkedBooter.java:162)
at org.apache.maven.surefire.booter.ForkedBooter.run(ForkedBooter.java:562)
at org.apache.maven.surefire.booter.ForkedBooter.main(ForkedBooter.java:548)
]]>
            </full-stacktrace>
          </exception> <!-- java.lang.AssertionError -->
          <reporter-output>
          </reporter-output>
        </test-method> <!-- Supplier -->
        <test-method signature="Purchase_Orders()[pri:2, instance:general.More_Module@41a6d121]" started-at="2023-12-21T15:16:52 IST" name="Purchase_Orders" finished-at="2023-12-21T15:17:22 IST" duration-ms="30285" status="PASS">
          <reporter-output>
          </reporter-output>
        </test-method> <!-- Purchase_Orders -->
        <test-method signature="Invoices()[pri:3, instance:general.More_Module@41a6d121]" started-at="2023-12-21T15:17:22 IST" name="Invoices" finished-at="2023-12-21T15:17:55 IST" duration-ms="32991" status="PASS">
          <reporter-output>
          </reporter-output>
        </test-method> <!-- Invoices -->
        <test-method signature="Quotes()[pri:4, instance:general.More_Module@41a6d121]" started-at="2023-12-21T15:17:55 IST" name="Quotes" finished-at="2023-12-21T15:18:43 IST" duration-ms="47816" status="PASS">
          <reporter-output>
          </reporter-output>
        </test-method> <!-- Quotes -->
        <test-method signature="Projects()[pri:5, instance:general.More_Module@41a6d121]" started-at="2023-12-21T15:18:43 IST" name="Projects" finished-at="2023-12-21T15:18:55 IST" duration-ms="12094" status="FAIL">
          <exception class="java.lang.AssertionError">
            <message>
              <![CDATA[Expected condition failed: waiting for visibility of element located by By.xpath: //android.widget.TextView[@text='More'] (tried for 10 second(s) with 500 milliseconds interval)]]>
            </message>
            <full-stacktrace>
              <![CDATA[java.lang.AssertionError: Expected condition failed: waiting for visibility of element located by By.xpath: //android.widget.TextView[@text='More'] (tried for 10 second(s) with 500 milliseconds interval)
at org.testng.Assert.fail(Assert.java:110)
at general.More_Module.Projects(More_Module.java:517)
at java.base/jdk.internal.reflect.NativeMethodAccessorImpl.invoke0(Native Method)
at java.base/jdk.internal.reflect.NativeMethodAccessorImpl.invoke(NativeMethodAccessorImpl.java:62)
at java.base/jdk.internal.reflect.DelegatingMethodAccessorImpl.invoke(DelegatingMethodAccessorImpl.java:43)
at java.base/java.lang.reflect.Method.invoke(Method.java:567)
at org.testng.internal.invokers.MethodInvocationHelper.invokeMethod(MethodInvocationHelper.java:135)
at org.testng.internal.invokers.TestInvoker.invokeMethod(TestInvoker.java:673)
at org.testng.internal.invokers.TestInvoker.invokeTestMethod(TestInvoker.java:220)
at org.testng.internal.invokers.MethodRunner.runInSequence(MethodRunner.java:50)
at org.testng.internal.invokers.TestInvoker$MethodInvocationAgent.invoke(TestInvoker.java:945)
at org.testng.internal.invokers.TestInvoker.invokeTestMethods(TestInvoker.java:193)
at org.testng.internal.invokers.TestMethodWorker.invokeTestMethods(TestMethodWorker.java:146)
at org.testng.internal.invokers.TestMethodWorker.run(TestMethodWorker.java:128)
at java.base/java.util.ArrayList.forEach(ArrayList.java:1508)
at org.testng.TestRunner.privateRun(TestRunner.java:808)
at org.testng.TestRunner.run(TestRunner.java:603)
at org.testng.SuiteRunner.runTest(SuiteRunner.java:429)
at org.testng.SuiteRunner.runSequentially(SuiteRunner.java:423)
at org.testng.SuiteRunner.privateRun(SuiteRunner.java:383)
at org.testng.SuiteRunner.run(SuiteRunner.java:326)
at org.testng.SuiteRunnerWorker.runSuite(SuiteRunnerWorker.java:52)
at org.testng.SuiteRunnerWorker.run(SuiteRunnerWorker.java:95)
at org.testng.TestNG.runSuitesSequentially(TestNG.java:1249)
at org.testng.TestNG.runSuitesLocally(TestNG.java:1169)
at org.testng.TestNG.runSuites(TestNG.java:1092)
at org.testng.TestNG.run(TestNG.java:1060)
at org.apache.maven.surefire.testng.TestNGExecutor.run(TestNGExecutor.java:284)
at org.apache.maven.surefire.testng.TestNGXmlTestSuite.execute(TestNGXmlTestSuite.java:75)
at org.apache.maven.surefire.testng.TestNGProvider.invoke(TestNGProvider.java:119)
at org.apache.maven.surefire.booter.ForkedBooter.runSuitesInProcess(ForkedBooter.java:428)
at org.apache.maven.surefire.booter.ForkedBooter.execute(ForkedBooter.java:162)
at org.apache.maven.surefire.booter.ForkedBooter.run(ForkedBooter.java:562)
at org.apache.maven.surefire.booter.ForkedBooter.main(ForkedBooter.java:548)
]]>
            </full-stacktrace>
          </exception> <!-- java.lang.AssertionError -->
          <reporter-output>
          </reporter-output>
        </test-method> <!-- Projects -->
        <test-method signature="Reports()[pri:6, instance:general.More_Module@41a6d121]" started-at="2023-12-21T15:18:55 IST" name="Reports" finished-at="2023-12-21T15:19:37 IST" duration-ms="42085" status="PASS">
          <reporter-output>
          </reporter-output>
        </test-method> <!-- Reports -->
      </class> <!-- general.More_Module -->
      <class name="general.Invite_Crew">
        <test-method signature="sent_invite()[pri:1, instance:general.Invite_Crew@456be73c]" started-at="2023-12-21T15:13:13 IST" name="sent_invite" finished-at="2023-12-21T15:13:42 IST" duration-ms="28963" status="PASS">
          <reporter-output>
          </reporter-output>
        </test-method> <!-- sent_invite -->
      </class> <!-- general.Invite_Crew -->
    </test> <!-- Starboard_test_cases -->
  </suite> <!-- StarboardSuite -->
</testng-results>
